<?xml version="1.0" ?>
<!DOCTYPE coverage SYSTEM "http://cobertura.sourceforge.net/xml/coverage-04.dtd">
<coverage lines-valid="6" lines-covered="4" line-rate="0.6667000000000001" branches-valid="0" branches-covered="0" branch-rate="1" timestamp="1533411162822" complexity="0" version="0.1">
  <sources>
    <source>/var/jenkins_home/decNodeTest</source>
  </sources>
  <packages>
    <class name="main.js" filename="main.js" line-rate="0.6667000000000001" branch-rate="1">
      <methods>
        <method name="(anonymous_0)" hits="0" signature="()V">
          <lines>
            <line number="5" hits="0"/>
          </lines>
        </method>
      </methods>
      <lines>
        <line number="2" hits="1" branch="false"/>
        <line number="5" hits="1" branch="false"/>
        <line number="6" hits="0" branch="false"/>
        <line number="7" hits="0" branch="false"/>
        <line number="11" hits="1" branch="false"/>
        <line number="12" hits="1" branch="false"/>
      </lines>
    </class>
  </packages>
</coverage>
